<?xml version="1.0" encoding="UTF-8"?>
<!-- Generated by org.testng.reporters.JUnitReportReporter -->
<testsuite hostname="WINCTRL-PIEMH35" name="tests.Newtest" tests="1" failures="0" timestamp="26 Aug 2019 06:32:28 GMT" time="2.636" errors="0">
  <testcase name="openMyBlog" time="2.636" classname="tests.Newtest"/>
</testsuite> <!-- tests.Newtest -->
